[www.uniqueskill.in/index.html]
[backblue.gif]
[fade.gif]
[index.html]
[www.uniqueskill.in/images/favicon.png]
[www.uniqueskill.in/css/slick.css]
[www.uniqueskill.in/css/animate.css]
[www.uniqueskill.in/css/nice-select.css]
[www.uniqueskill.in/css/jquery.nice-number.min.css]
[www.uniqueskill.in/css/magnific-popup.css]
[www.uniqueskill.in/css/bootstrap.min.css]
[cdnjs.cloudflare.com/ajax/libs/font-awesome/4.7.0/css/font-awesome.min.css]
[www.uniqueskill.in/css/default.css]
[www.uniqueskill.in/css/style.css]
[www.uniqueskill.in/css/responsive.css]
[www.uniqueskill.in/images/all-icon/call.png]
[www.uniqueskill.in/images/all-icon/email.png]
[www.uniqueskill.in/images/all-icon/map.png]
[www.uniqueskill.in/images/fb.png]
[www.uniqueskill.in/images/tw.png]
[www.uniqueskill.in/images/insta.png]
[www.uniqueskill.in/images/in.png]
[www.uniqueskill.in/index-2.html]
[www.uniqueskill.in/images/logo.png]
[www.uniqueskill.in/about.html]
[www.uniqueskill.in/Technical-training-institute-Pune-Maharashtra.html]
[www.uniqueskill.in/csr.html]
[www.uniqueskill.in/career.html]
[www.uniqueskill.in/gallery.html]
[www.uniqueskill.in/contact.html]
[www.uniqueskill.in/images/tagline.png]
[www.uniqueskill.in/images/slider/s1.jpg]
[www.uniqueskill.in/images/slider/s2.jpg]
[www.uniqueskill.in/images/slider/s3.jpg]
[www.uniqueskill.in/images/c4.png]
[www.uniqueskill.in/images/c1.png]
[www.uniqueskill.in/images/c2.png]
[www.uniqueskill.in/images/c5.png]
[www.uniqueskill.in/images/c3.png]
[www.uniqueskill.in/images/affiliations1.jpg]
[www.uniqueskill.in/images/affiliations2.jpg]
[www.uniqueskill.in/images/affiliations3.jpg]
[www.uniqueskill.in/images/affiliations4.jpg]
[www.uniqueskill.in/images/affiliations5.jpg]
[www.uniqueskill.in/images/affiliations6.jpg]
[www.uniqueskill.in/images/about/bg-1.png]
[www.uniqueskill.in/images/a1.png]
[www.uniqueskill.in/images/a2.png]
[www.uniqueskill.in/images/a3.png]
[www.uniqueskill.in/images/a4.png]
[www.uniqueskill.in/images/a5.png]
[www.uniqueskill.in/images/a6.png]
[www.uniqueskill.in/images/v1.png]
[www.uniqueskill.in/images/v2.png]
[www.uniqueskill.in/images/v3.png]
[www.uniqueskill.in/images/ca11.jpg]
[www.uniqueskill.in/images/ca12.jpg]
[www.uniqueskill.in/images/ca13.jpg]
[www.uniqueskill.in/images/ca14.jpg]
[www.uniqueskill.in/images/ca15.jpg]
[www.uniqueskill.in/images/bg2.jpg]
[www.uniqueskill.in/images/ap.png]
[www.uniqueskill.in/images/ks.png]
[www.uniqueskill.in/images/teachers/teacher-2/happy.png]
[www.uniqueskill.in/images/ca1.png]
[www.uniqueskill.in/images/ca2.png]
[www.uniqueskill.in/images/ca3.png]
[www.uniqueskill.in/images/l1.jpg]
[www.uniqueskill.in/images/l2.jpg]
[www.uniqueskill.in/images/l3.jpg]
[www.uniqueskill.in/images/l4.jpg]
[www.uniqueskill.in/images/l5.jpg]
[www.uniqueskill.in/images/l6.jpg]
[www.uniqueskill.in/images/course11.png]
[www.uniqueskill.in/pdf/USDC_Kushal_Magazine1.pdf]
[www.uniqueskill.in/pdf/USDC-Brochure-2019.pdf]
[www.uniqueskill.in/js/vendor/modernizr-3.6.0.min.js]
[www.uniqueskill.in/js/vendor/jquery-1.12.4.min.js]
[www.uniqueskill.in/js/bootstrap.min.js]
[www.uniqueskill.in/js/slick.min.js]
[www.uniqueskill.in/js/jquery.magnific-popup.min.js]
[www.uniqueskill.in/js/waypoints.min.js]
[www.uniqueskill.in/js/jquery.counterup.min.js]
[www.uniqueskill.in/js/jquery.nice-select.min.js]
[www.uniqueskill.in/js/jquery.nice-number.min.js]
[www.uniqueskill.in/js/jquery.countdown.min.js]
[www.uniqueskill.in/js/validator.min.js]
[www.uniqueskill.in/js/ajax-contact.js]
[www.uniqueskill.in/js/main.js]
[www.uniqueskill.in/js/map-script.js]
[img6.wsimg.com/wrhs/362d20193a8fed115f99b16a157b7fc4/tccl.min.js]
[www.uniqueskill.in/index.html]
[www.uniqueskill.in/css/slick.css]
[www.uniqueskill.in/css/animate.css]
[www.uniqueskill.in/css/nice-select.css]
[www.uniqueskill.in/css/jquery.nice-number.min.css]
[www.uniqueskill.in/css/magnific-popup.css]
[www.uniqueskill.in/css/bootstrap.min.css]
[cdnjs.cloudflare.com/ajax/libs/font-awesome/4.7.0/css/font-awesome.min.css]
[www.uniqueskill.in/css/default.css]
[www.uniqueskill.in/images/bg1.png]
[www.uniqueskill.in/images/bg.jpg]
[www.uniqueskill.in/images/slider/s-1.jpg]
[www.uniqueskill.in/images/slider/s-2.jpg]
[www.uniqueskill.in/images/bg3.jpg]
[www.uniqueskill.in/images/bg4.jpg]
[www.uniqueskill.in/images/bg5.jpg]
[www.uniqueskill.in/css/style.css]
[www.uniqueskill.in/css/responsive.css]
[www.uniqueskill.in/index-2.html]
[www.uniqueskill.in/courses.html]
[www.uniqueskill.in/images/top4.jpg]
[www.uniqueskill.in/images/about1.jpg]
[www.uniqueskill.in/images/csr.png]
[www.uniqueskill.in/images/Balasaheb_Zarekar.jpg]
[www.uniqueskill.in/images/Vijay_Kulkarni.jpg]
[www.uniqueskill.in/images/Ashwinikumar-Bharadwaj.jpg]
[www.uniqueskill.in/images/Mukund-Deshmukh.jpg]
[www.uniqueskill.in/images/Atul-Karanjkar.jpg]
[www.uniqueskill.in/images/Dilip-Yevlekar.jpg]
[www.uniqueskill.in/images/Avinash-Choudhary.jpg]
[www.uniqueskill.in/images/Mukta-Khasnis.jpg]
[www.uniqueskill.in/images/Sugandha-Tekale.jpg]
[www.uniqueskill.in/images/Shriram-Deshpande.jpg]
[www.uniqueskill.in/images/Anil-Tekale.jpg]
[www.uniqueskill.in/images/Snehal-Shetti.jpg]
[www.uniqueskill.in/about.html]
[www.uniqueskill.in/Vocational-Training-Institue-Pune-Maharashtra.html]
[www.uniqueskill.in/csr-skill-development-projects-Pune-Maharashtra.html]
[www.uniqueskill.in/images/top2.jpg]
[www.uniqueskill.in/electrician-training-courses-Pune-Maharashtra.html]
[www.uniqueskill.in/AC-and-refrigeration-mechanic-courses-Pune-Maharashtra.html]
[www.uniqueskill.in/computer-hardware-and-networking-courses-Pune-Maharashtra.html]
[www.uniqueskill.in/mobile-phone-repair-technician-courses-Pune-Maharashtra.html]
[www.uniqueskill.in/PCB-assembly-operator.html]
[www.uniqueskill.in/financial-accounting-and-taxation.html]
[www.uniqueskill.in/data-entry-operator.html]
[www.uniqueskill.in/graphics-designing.html]
[www.uniqueskill.in/website-designing.html]
[www.uniqueskill.in/2D-and-3D-animation.html]
[www.uniqueskill.in/operation-theatre-technician.html]
[www.uniqueskill.in/radiology-technician.html]
[www.uniqueskill.in/Paramedical-Courses-training-institute-Pune-Maharashtra.html]
[www.uniqueskill.in/general-duty-assistant.html]
[www.uniqueskill.in/two-wheeler-mechanic.html]
[www.uniqueskill.in/four-wheeler-mechanic.html]
[www.uniqueskill.in/turner-fitter.html]
[www.uniqueskill.in/cnc-operator-and-programmer.html]
[www.uniqueskill.in/fashion-designing.html]
[www.uniqueskill.in/makeup-artis-beautician.html]
[www.uniqueskill.in/Technical-training-institute-Pune-Maharashtra.html]
[www.uniqueskill.in/images/top22.jpg]
[www.uniqueskill.in/images/csr1.png]
[www.uniqueskill.in/images/csr2.png]
[www.uniqueskill.in/images/im1.png]
[www.uniqueskill.in/images/im2.png]
[www.uniqueskill.in/images/im3.png]
[www.uniqueskill.in/images/im4.png]
[www.uniqueskill.in/images/im5.png]
[www.uniqueskill.in/images/im6.png]
[www.uniqueskill.in/csr.html]
[www.uniqueskill.in/images/j1.png]
[www.uniqueskill.in/images/j2.png]
[www.uniqueskill.in/images/j3.png]
[www.uniqueskill.in/images/j4.png]
[www.uniqueskill.in/images/j5.png]
[www.uniqueskill.in/images/j6.png]
[www.uniqueskill.in/images/j7.png]
[www.uniqueskill.in/images/j8.png]
[www.uniqueskill.in/career.html]
[rawgit.com/LeshikJanz/libraries/master/Bootstrap/baguetteBox.min.css]
[www.uniqueskill.in/images/top21.jpg]
[www.uniqueskill.in/images/gallery/7th-Anniversary-Event/1.jpg]
[www.uniqueskill.in/images/gallery/7th-Anniversary-Event/2.jpg]
[www.uniqueskill.in/images/gallery/7th-Anniversary-Event/3.jpg]
[www.uniqueskill.in/images/gallery/7th-Anniversary-Event/4.jpg]
[www.uniqueskill.in/images/gallery/7th-Anniversary-Event/5.jpg]
[www.uniqueskill.in/images/gallery/7th-Anniversary-Event/6.jpg]
[www.uniqueskill.in/images/gallery/7th-Anniversary-Event/7.jpg]
[www.uniqueskill.in/images/gallery/7th-Anniversary-Event/8.jpg]
[www.uniqueskill.in/images/gallery/7th-Anniversary-Event/9.jpg]
[www.uniqueskill.in/images/gallery/7th-Anniversary-Event/10.jpg]
[www.uniqueskill.in/images/gallery/7th-Anniversary-Event/11.jpg]
[www.uniqueskill.in/images/gallery/7th-Anniversary-Event/12.jpg]
[www.uniqueskill.in/images/gallery/7th-Anniversary-Event/13.jpg]
[www.uniqueskill.in/images/gallery/7th-Anniversary-Event/14.jpg]
[www.uniqueskill.in/images/gallery/7th-Anniversary-Event/15.jpg]
[www.uniqueskill.in/images/gallery/Skill-Training/1.jpg]
[www.uniqueskill.in/images/gallery/Skill-Training/2.jpg]
[www.uniqueskill.in/images/gallery/Skill-Training/3.jpg]
[www.uniqueskill.in/images/gallery/Skill-Training/4.jpg]
[www.uniqueskill.in/images/gallery/Skill-Training/5.jpg]
[www.uniqueskill.in/images/gallery/Skill-Training/6.jpg]
[www.uniqueskill.in/images/gallery/Skill-Training/7.jpg]
[www.uniqueskill.in/images/gallery/Skill-Training/8.jpg]
[www.uniqueskill.in/images/gallery/Skill-Training/9.jpg]
[www.uniqueskill.in/images/gallery/Skill-Training/10.jpg]
[www.uniqueskill.in/images/gallery/Skill-Training/11.jpg]
[www.uniqueskill.in/images/gallery/Skill-Training/12.jpg]
[www.uniqueskill.in/images/gallery/Skill-Training-at-Community-Locations/1.jpg]
[www.uniqueskill.in/images/gallery/Skill-Training-at-Community-Locations/2.jpg]
[www.uniqueskill.in/images/gallery/Skill-Training-at-Community-Locations/3.jpg]
[www.uniqueskill.in/images/gallery/Skill-Training-at-Community-Locations/4.jpg]
[www.uniqueskill.in/images/gallery/Skill-Training-at-Community-Locations/5.jpg]
[www.uniqueskill.in/images/gallery/Skill-Training-at-Community-Locations/6.jpg]
[www.uniqueskill.in/images/gallery/Skill-Training-at-Community-Locations/7.jpg]
[www.uniqueskill.in/images/gallery/Skill-Training-at-Community-Locations/8.jpg]
[www.uniqueskill.in/images/gallery/Skill-Training-at-Community-Locations/9.jpg]
[www.uniqueskill.in/images/gallery/Skill-Training-at-Community-Locations/10.jpg]
[www.uniqueskill.in/images/gallery/Skill-Training-at-Community-Locations/11.jpg]
[www.uniqueskill.in/images/gallery/Skill-Training-at-Community-Locations/12.jpg]
[www.uniqueskill.in/images/gallery/Skill-Training-at-Community-Locations/13.jpg]
[www.uniqueskill.in/images/gallery/Skill-Training-at-Community-Locations/14.jpg]
[www.uniqueskill.in/images/gallery/Skill-Training-at-Community-Locations/15.jpg]
[www.uniqueskill.in/images/gallery/Skill-Trainings-for-School-Going/1.jpg]
[www.uniqueskill.in/images/gallery/Skill-Trainings-for-School-Going/2.jpg]
[www.uniqueskill.in/images/gallery/Skill-Trainings-for-School-Going/3.jpg]
[www.uniqueskill.in/images/gallery/Skill-Trainings-for-School-Going/4.jpg]
[www.uniqueskill.in/images/gallery/Skill-Trainings-for-School-Going/5.jpg]
[www.uniqueskill.in/images/gallery/Skill-Trainings-for-School-Going/6.jpg]
[www.uniqueskill.in/images/gallery/Skill-Trainings-for-School-Going/7.jpg]
[www.uniqueskill.in/images/gallery/Skill-Trainings-for-School-Going/8.jpg]
[www.uniqueskill.in/images/gallery/Skill-Trainings-for-School-Going/9.jpg]
[www.uniqueskill.in/images/gallery/Skill-Trainings-for-School-Going/10.jpg]
[www.uniqueskill.in/images/gallery/Training-Programes/1.jpg]
[www.uniqueskill.in/images/gallery/Training-Programes/2.jpg]
[www.uniqueskill.in/images/gallery/Training-Programes/3.jpg]
[www.uniqueskill.in/images/gallery/Training-Programes/4.jpg]
[www.uniqueskill.in/images/gallery/Training-Programes/5.jpg]
[www.uniqueskill.in/images/gallery/Training-Programes/6.jpg]
[www.uniqueskill.in/images/gallery/Training-Programes/7.jpg]
[www.uniqueskill.in/images/gallery/Training-Programes/8.jpg]
[www.uniqueskill.in/images/gallery/Career-Guidance/1.jpg]
[www.uniqueskill.in/images/gallery/Career-Guidance/2.jpg]
[www.uniqueskill.in/images/gallery/Career-Guidance/3.jpg]
[www.uniqueskill.in/images/gallery/Career-Guidance/4.jpg]
[www.uniqueskill.in/images/gallery/Career-Guidance/5.jpg]
[www.uniqueskill.in/images/gallery/Career-Guidance/6.jpg]
[www.uniqueskill.in/images/gallery/Career-Guidance/7.jpg]
[www.uniqueskill.in/images/gallery/Career-Guidance/8.jpg]
[www.uniqueskill.in/images/gallery/Career-Guidance/9.jpg]
[www.uniqueskill.in/images/gallery/Career-Guidance/10.jpg]
[www.uniqueskill.in/images/gallery/Career-Guidance/11.jpg]
[www.uniqueskill.in/images/gallery/Career-Guidance/12.jpg]
[www.uniqueskill.in/images/gallery/Career-Guidance/13.jpg]
[www.uniqueskill.in/images/gallery/Career-Guidance/14.jpg]
[www.uniqueskill.in/images/gallery/Awareness-Sessions/1.jpg]
[www.uniqueskill.in/images/gallery/Awareness-Sessions/2.jpg]
[www.uniqueskill.in/images/gallery/Awareness-Sessions/3.jpg]
[www.uniqueskill.in/images/gallery/Awareness-Sessions/4.jpg]
[www.uniqueskill.in/images/gallery/Awareness-Sessions/5.jpg]
[www.uniqueskill.in/images/gallery/Awareness-Sessions/6.jpg]
[www.uniqueskill.in/images/gallery/Awareness-Sessions/7.jpg]
[www.uniqueskill.in/images/gallery/Awareness-Sessions/8.jpg]
[www.uniqueskill.in/images/gallery/Awareness-Sessions/9.jpg]
[www.uniqueskill.in/images/gallery/Awareness-Sessions/10.jpg]
[www.uniqueskill.in/images/gallery/Awareness-Sessions/11.jpg]
[www.uniqueskill.in/images/gallery/Seminar/1.jpg]
[www.uniqueskill.in/images/gallery/Seminar/2.jpg]
[www.uniqueskill.in/images/gallery/Seminar/3.jpg]
[www.uniqueskill.in/images/gallery/Seminar/4.jpg]
[www.uniqueskill.in/images/gallery/Seminar/5.jpg]
[www.uniqueskill.in/images/gallery/Seminar/6.jpg]
[www.uniqueskill.in/images/gallery/Seminar/7.jpg]
[www.uniqueskill.in/images/gallery/Seminar/8.jpg]
[www.uniqueskill.in/images/gallery/Seminar/9.jpg]
[www.uniqueskill.in/images/gallery/Seminar/10.jpg]
[www.uniqueskill.in/images/gallery/Seminar/11.jpg]
[www.uniqueskill.in/images/gallery/Seminar/12.jpg]
[www.uniqueskill.in/images/gallery/Job-Fairs/1.jpg]
[www.uniqueskill.in/images/gallery/Job-Fairs/2.jpg]
[www.uniqueskill.in/images/gallery/Job-Fairs/3.jpg]
[www.uniqueskill.in/images/gallery/Job-Fairs/4.jpg]
[www.uniqueskill.in/images/gallery/Job-Fairs/5.jpg]
[www.uniqueskill.in/images/gallery/Job-Fairs/6.jpg]
[www.uniqueskill.in/images/gallery/Job-Fairs/7.jpg]
[www.uniqueskill.in/images/gallery/Job-Fairs/8.jpg]
[www.uniqueskill.in/images/gallery/Industrial-Visits/1.jpg]
[www.uniqueskill.in/images/gallery/Industrial-Visits/2.jpg]
[www.uniqueskill.in/images/gallery/Industrial-Visits/3.jpg]
[www.uniqueskill.in/images/gallery/Industrial-Visits/4.jpg]
[www.uniqueskill.in/images/gallery/Industrial-Visits/5.jpg]
[www.uniqueskill.in/images/gallery/Industrial-Visits/6.jpg]
[www.uniqueskill.in/images/gallery/Industrial-Visits/7.jpg]
[www.uniqueskill.in/images/gallery/Industrial-Visits/8.jpg]
[www.uniqueskill.in/images/gallery/Industrial-Visits/9.jpg]
[www.uniqueskill.in/images/gallery/Project-Competition/2.jpg]
[www.uniqueskill.in/images/gallery/Project-Competition/3.jpg]
[www.uniqueskill.in/images/gallery/Project-Competition/4.jpg]
[www.uniqueskill.in/images/gallery/Project-Competition/5.jpg]
[www.uniqueskill.in/images/gallery/Project-Competition/6.jpg]
[www.uniqueskill.in/images/gallery/Project-Competition/7.jpg]
[www.uniqueskill.in/images/gallery/Project-Competition/9.jpg]
[www.uniqueskill.in/images/gallery/Project-Competition/10.jpg]
[www.uniqueskill.in/images/gallery/Project-Competition/11.jpg]
[www.uniqueskill.in/images/gallery/Project-Competition/12.jpg]
[www.uniqueskill.in/images/gallery/Project-Competition/13.jpg]
[www.uniqueskill.in/images/gallery/Project-Competition/14.jpg]
[www.uniqueskill.in/images/gallery/Project-Competition/15.jpg]
[www.uniqueskill.in/images/gallery/Development-Sessions/1.jpg]
[www.uniqueskill.in/images/gallery/Development-Sessions/2.jpg]
[www.uniqueskill.in/images/gallery/Development-Sessions/3.jpg]
[www.uniqueskill.in/images/gallery/Development-Sessions/4.jpg]
[www.uniqueskill.in/images/gallery/Development-Sessions/5.jpg]
[www.uniqueskill.in/images/gallery/Development-Sessions/6.jpg]
[www.uniqueskill.in/images/gallery/Development-Sessions/7.jpg]
[www.uniqueskill.in/images/gallery/Felicitation-Events/1.jpg]
[www.uniqueskill.in/images/gallery/Felicitation-Events/2.jpg]
[www.uniqueskill.in/images/gallery/Felicitation-Events/3.jpg]
[www.uniqueskill.in/images/gallery/Felicitation-Events/4.jpg]
[www.uniqueskill.in/images/gallery/Felicitation-Events/5.jpg]
[www.uniqueskill.in/images/gallery/Felicitation-Events/6.jpg]
[www.uniqueskill.in/images/gallery/Felicitation-Events/7.jpg]
[www.uniqueskill.in/images/gallery/Felicitation-Events/8.jpg]
[www.uniqueskill.in/images/gallery/Felicitation-Events/9.jpg]
[www.uniqueskill.in/images/gallery/Felicitation-Events/10.jpg]
[www.uniqueskill.in/images/gallery/Felicitation-Events/11.jpg]
[www.uniqueskill.in/images/gallery/Felicitation-Events/12.jpg]
[www.uniqueskill.in/images/gallery/Felicitation-Events/13.jpg]
[www.uniqueskill.in/images/gallery/Felicitation-Events/14.jpg]
[www.uniqueskill.in/images/gallery/Study-Material/1.jpg]
[www.uniqueskill.in/images/gallery/Study-Material/2.jpg]
[www.uniqueskill.in/images/gallery/Study-Material/3.jpg]
[www.uniqueskill.in/images/gallery/Study-Material/4.jpg]
[www.uniqueskill.in/images/gallery/Study-Material/6.jpg]
[www.uniqueskill.in/images/gallery/Study-Material/7.jpg]
[www.uniqueskill.in/images/gallery/Study-Material/8.jpg]
[www.uniqueskill.in/images/gallery/Study-Material/9.jpg]
[www.uniqueskill.in/images/gallery/Study-Material/10.jpg]
[www.uniqueskill.in/images/gallery/Study-Material/11.jpg]
[www.uniqueskill.in/images/gallery/Training-Center-Infrastructure/1.jpg]
[www.uniqueskill.in/images/gallery/Training-Center-Infrastructure/2.jpg]
[www.uniqueskill.in/images/gallery/Training-Center-Infrastructure/3.jpg]
[www.uniqueskill.in/images/gallery/Training-Center-Infrastructure/4.jpg]
[www.uniqueskill.in/images/gallery/Training-Center-Infrastructure/5.jpg]
[www.uniqueskill.in/images/gallery/Training-Center-Infrastructure/6.jpg]
[www.uniqueskill.in/images/gallery/Training-Center-Infrastructure/7.jpg]
[www.uniqueskill.in/images/gallery/Training-Center-Infrastructure/8.jpg]
[www.uniqueskill.in/images/gallery/Training-Center-Infrastructure/9.jpg]
[www.uniqueskill.in/images/gallery/Training-Center-Infrastructure/10.jpg]
[www.uniqueskill.in/images/gallery/Training-Center-Infrastructure/11.jpg]
[www.uniqueskill.in/images/gallery/Training-Center-Infrastructure/12.jpg]
[www.uniqueskill.in/images/gallery/Training-Center-Infrastructure/13.jpg]
[www.uniqueskill.in/images/gallery/Training-Center-Infrastructure/14.jpg]
[www.uniqueskill.in/images/gallery/Training-Center-Infrastructure/15.jpg]
[www.uniqueskill.in/images/gallery/Ration-Distribution/1.jpg]
[www.uniqueskill.in/images/gallery/Ration-Distribution/2.jpg]
[www.uniqueskill.in/images/gallery/Ration-Distribution/3.jpg]
[www.uniqueskill.in/images/gallery/Ration-Distribution/4.jpg]
[www.uniqueskill.in/images/gallery/Ration-Distribution/5.jpg]
[www.uniqueskill.in/images/gallery/Ration-Distribution/6.jpg]
[www.uniqueskill.in/images/gallery/Ration-Distribution/8.jpg]
[www.uniqueskill.in/images/gallery/Womens-Day/1.jpg]
[www.uniqueskill.in/images/gallery/Womens-Day/2.jpg]
[www.uniqueskill.in/images/gallery/Womens-Day/3.jpg]
[www.uniqueskill.in/images/gallery/Womens-Day/4.jpg]
[www.uniqueskill.in/images/gallery/Womens-Day/5.jpg]
[www.uniqueskill.in/images/gallery/Womens-Day/6.jpg]
[www.uniqueskill.in/images/gallery/Womens-Day/7.jpg]
[www.uniqueskill.in/images/gallery/Womens-Day/8.jpg]
[www.uniqueskill.in/images/gallery/Womens-Day/9.jpg]
[www.uniqueskill.in/images/gallery/Womens-Day/10.jpg]
[www.uniqueskill.in/images/gallery/Womens-Day/11.jpg]
[www.uniqueskill.in/images/gallery/Womens-Day/12.jpg]
[www.uniqueskill.in/images/gallery/Womens-Day/13.jpg]
[www.uniqueskill.in/images/gallery/Womens-Day/14.jpg]
[www.uniqueskill.in/images/gallery/Womens-Day/15.jpg]
[www.uniqueskill.in/images/gallery/Launch-Logistics-Course/1.jpg]
[www.uniqueskill.in/images/gallery/Launch-Logistics-Course/2.jpg]
[www.uniqueskill.in/images/gallery/Launch-Logistics-Course/3.jpg]
[www.uniqueskill.in/images/gallery/Launch-Logistics-Course/4.jpg]
[www.uniqueskill.in/images/gallery/Launch-Logistics-Course/5.jpg]
[www.uniqueskill.in/images/gallery/Guests-and-Delegates-Visits/1.jpg]
[www.uniqueskill.in/images/gallery/Guests-and-Delegates-Visits/2.jpg]
[www.uniqueskill.in/images/gallery/Guests-and-Delegates-Visits/3.jpg]
[www.uniqueskill.in/images/gallery/Guests-and-Delegates-Visits/4.jpg]
[www.uniqueskill.in/images/gallery/Guests-and-Delegates-Visits/5.jpg]
[www.uniqueskill.in/images/gallery/Guests-and-Delegates-Visits/6.jpg]
[www.uniqueskill.in/images/gallery/Guests-and-Delegates-Visits/7.jpg]
[www.uniqueskill.in/images/gallery/Guests-and-Delegates-Visits/8.jpg]
[www.uniqueskill.in/images/gallery/Guests-and-Delegates-Visits/9.jpg]
[www.uniqueskill.in/images/gallery/Guests-and-Delegates-Visits/10.jpg]
[www.uniqueskill.in/images/gallery/Guests-and-Delegates-Visits/11.jpg]
[www.uniqueskill.in/images/gallery/Guests-and-Delegates-Visits/12.jpg]
[www.uniqueskill.in/images/gallery/Guests-and-Delegates-Visits/13.jpg]
[www.uniqueskill.in/images/gallery/Guests-and-Delegates-Visits/14.jpg]
[www.uniqueskill.in/images/gallery/Guests-and-Delegates-Visits/15.jpg]
[www.uniqueskill.in/images/gallery/Other-Social-Activities/1.jpg]
[www.uniqueskill.in/images/gallery/Other-Social-Activities/2.jpg]
[www.uniqueskill.in/images/gallery/Other-Social-Activities/3.jpg]
[www.uniqueskill.in/images/gallery/Other-Social-Activities/4.jpg]
[www.uniqueskill.in/images/gallery/Other-Social-Activities/5.jpg]
[www.uniqueskill.in/images/gallery/Other-Social-Activities/6.jpg]
[www.uniqueskill.in/images/gallery/Other-Social-Activities/7.jpg]
[www.uniqueskill.in/images/gallery/Other-Social-Activities/8.jpg]
[www.uniqueskill.in/images/gallery/Other-Social-Activities/9.jpg]
[www.uniqueskill.in/images/gallery/Other-Social-Activities/10.jpg]
[www.uniqueskill.in/images/gallery/Other-Social-Activities/11.jpg]
[www.uniqueskill.in/images/gallery/Other-Social-Activities/12.jpg]
[www.uniqueskill.in/images/gallery/Other-Social-Activities/13.jpg]
[www.uniqueskill.in/images/gallery/Other-Social-Activities/14.jpg]
[www.uniqueskill.in/images/gallery/Other-Social-Activities/15.jpg]
[www.uniqueskill.in/gallery.html]
[cdnjs.cloudflare.com/ajax/libs/baguettebox.js/1.8.1/baguetteBox.min.js]
[www.uniqueskill.in/images/top3.jpg]
[www.uniqueskill.in/contact.html]
[www.uniqueskill.in/blog-singel.html]
[www.uniqueskill.in/courses.html]
[www.uniqueskill.in/teachers-singel.html]
[www.uniqueskill.in/Vocational-Training-Institue-Pune-Maharashtra.html]
[www.uniqueskill.in/csr-skill-development-projects-Pune-Maharashtra.html]
[www.uniqueskill.in/images/top1.jpg]
[www.uniqueskill.in/images/review/04-Shubham-Bhandare.jpg]
[www.uniqueskill.in/images/review/05-Pradip-Walke.jpg]
[www.uniqueskill.in/images/review/06-Sunny-Sharma.jpg]
[www.uniqueskill.in/electrician-training-courses-Pune-Maharashtra.html]
[www.uniqueskill.in/images/top6.jpg]
[www.uniqueskill.in/images/review/Sidhant-Kamble.jpg]
[www.uniqueskill.in/images/review/02-Saga-Botkar.jpg]
[www.uniqueskill.in/images/review/03-Sohel-Inamdar.jpg]
[www.uniqueskill.in/AC-and-refrigeration-mechanic-courses-Pune-Maharashtra.html]
[www.uniqueskill.in/images/top7.jpg]
[www.uniqueskill.in/images/review/13-Yashraj-Karke.jpg]
[www.uniqueskill.in/images/review/14-Swapnil-Palse.jpg]
[www.uniqueskill.in/images/review/15-Tushar-Baikar.jpg]
[www.uniqueskill.in/computer-hardware-and-networking-courses-Pune-Maharashtra.html]
[www.uniqueskill.in/images/top20.jpg]
[www.uniqueskill.in/images/review/16-Krushna-Salunkhe.jpg]
[www.uniqueskill.in/images/review/17-Ravindra-Gaikwad.jpg]
[www.uniqueskill.in/images/review/18-Gopal-Chavan.jpg]
[www.uniqueskill.in/mobile-phone-repair-technician-courses-Pune-Maharashtra.html]
[www.uniqueskill.in/images/top8.jpg]
[www.uniqueskill.in/images/review/19-Saloni-Gholap.jpg]
[www.uniqueskill.in/images/review/20-Reshma-Chavan.jpg]
[www.uniqueskill.in/images/review/21-Shivani-Pradhan.jpg]
[www.uniqueskill.in/PCB-assembly-operator.html]
[www.uniqueskill.in/images/top9.jpg]
[www.uniqueskill.in/images/review/07-Namrata-Jadhav.jpg]
[www.uniqueskill.in/images/review/08-Ashwini-Pawar.jpg]
[www.uniqueskill.in/images/review/09-Damyanti-Kurandale.jpg]
[www.uniqueskill.in/financial-accounting-and-taxation.html]
[www.uniqueskill.in/images/top10.jpg]
[www.uniqueskill.in/images/review/r-1.jpg]
[www.uniqueskill.in/data-entry-operator.html]
[www.uniqueskill.in/images/top11.jpg]
[www.uniqueskill.in/images/review/22-Ashraf-Sayyed.jpg]
[www.uniqueskill.in/images/review/23-Shreyash-Chilka.jpg]
[www.uniqueskill.in/images/review/24-Shreya-Borkar.jpg]
[www.uniqueskill.in/graphics-designing.html]
[www.uniqueskill.in/images/top12.jpg]
[www.uniqueskill.in/images/review/25-Neha-Phalke.jpg]
[www.uniqueskill.in/images/review/26-Sameer-Paygude.jpg]
[www.uniqueskill.in/images/review/27-Vinayak-Londhe.jpg]
[www.uniqueskill.in/website-designing.html]
[www.uniqueskill.in/images/top13.jpg]
[www.uniqueskill.in/2D-and-3D-animation.html]
[www.uniqueskill.in/images/top23.jpg]
[www.uniqueskill.in/operation-theatre-technician.html]
[www.uniqueskill.in/images/top24.jpg]
[www.uniqueskill.in/radiology-technician.html]
[www.uniqueskill.in/images/top25.jpg]
[www.uniqueskill.in/Paramedical-Courses-training-institute-Pune-Maharashtra.html]
[www.uniqueskill.in/images/top26.jpg]
[www.uniqueskill.in/general-duty-assistant.html]
[www.uniqueskill.in/images/top14.jpg]
[www.uniqueskill.in/images/review/31-Gopal-Pramod-Katyare.jpg]
[www.uniqueskill.in/images/review/32-Sachin-Katale.jpg]
[www.uniqueskill.in/images/review/33-Mahesh-Jagale.jpg]
[www.uniqueskill.in/two-wheeler-mechanic.html]
[www.uniqueskill.in/images/top15.jpg]
[www.uniqueskill.in/images/review/28-Sujit-Diwate.jpg]
[www.uniqueskill.in/images/review/29-Siddhant-Nichite.jpg]
[www.uniqueskill.in/images/review/30-Rushikesh-Dhotre.jpg]
[www.uniqueskill.in/four-wheeler-mechanic.html]
[www.uniqueskill.in/images/top16.jpg]
[www.uniqueskill.in/images/review/34-Prashant-Magar.jpg]
[www.uniqueskill.in/images/review/35-Prashant-Rajguru.jpg]
[www.uniqueskill.in/images/review/Akshay-Utekar.jpg]
[www.uniqueskill.in/turner-fitter.html]
[www.uniqueskill.in/images/top17.jpg]
[www.uniqueskill.in/images/review/37-Durgesh-Nathe.jpg]
[www.uniqueskill.in/images/review/Sanket-Pardeshi.jpg]
[www.uniqueskill.in/images/review/38-Shivam-Aher.jpg]
[www.uniqueskill.in/cnc-operator-and-programmer.html]
[www.uniqueskill.in/images/top18.jpg]
[www.uniqueskill.in/images/review/10-Rupali-Gangulikar.jpg]
[www.uniqueskill.in/images/review/11-Sonali-Jadhav.jpg]
[www.uniqueskill.in/images/review/12-Sandhya-Saroj.jpg]
[www.uniqueskill.in/fashion-designing.html]
[www.uniqueskill.in/images/top19.jpg]
[www.uniqueskill.in/images/review/40-Komal-Shingre.jpg]
[www.uniqueskill.in/images/review/41-Priyanka-Shrikant-Vitkar.jpg]
[www.uniqueskill.in/images/review/42-Rupali-Gaikwad.jpg]
[www.uniqueskill.in/makeup-artis-beautician.html]
[rawgit.com/LeshikJanz/libraries/master/Bootstrap/baguetteBox.min.css]
[www.uniqueskill.in/images/gallery/Awareness-Sessions/12.html]
[www.uniqueskill.in/images/gallery/Awareness-Sessions/13.html]
[www.uniqueskill.in/images/gallery/Awareness-Sessions/14.html]
[www.uniqueskill.in/images/gallery/Awareness-Sessions/15.html]
[www.uniqueskill.in/images/gallery/Project-Competition/1.html]
[www.uniqueskill.in/images/gallery/Project-Competition/8.html]
[www.uniqueskill.in/images/gallery/Study-Material/5.html]
[www.uniqueskill.in/images/gallery/Ration-Distribution/7.html]
